#
# There is insufficient memory for the Java Runtime Environment to continue.
# Native memory allocation (malloc) failed to allocate 1048576 bytes. Error detail: AllocateHeap
# Possible reasons:
#   The system is out of physical RAM or swap space
#   This process is running with CompressedOops enabled, and the Java Heap may be blocking the growth of the native heap
# Possible solutions:
#   Reduce memory load on the system
#   Increase physical memory or swap space
#   Check if swap backing store is full
#   Decrease Java heap size (-Xmx/-Xms)
#   Decrease number of Java threads
#   Decrease Java thread stack sizes (-Xss)
#   Set larger code cache with -XX:ReservedCodeCacheSize=
#   JVM is running with Unscaled Compressed Oops mode in which the Java heap is
#     placed in the first 4GB address space. The Java Heap base address is the
#     maximum limit for the native heap growth. Please use -XX:HeapBaseMinAddress
#     to set the Java Heap base and to place the Java Heap above 4GB virtual address.
# This output file may be truncated or incomplete.
#
#  Out of Memory Error (allocation.cpp:44), pid=1364, tid=32616
#
# JRE version:  (23.0+37) (build )
# Java VM: Java HotSpot(TM) 64-Bit Server VM (23+37-2369, mixed mode, emulated-client, sharing, tiered, compressed oops, compressed class ptrs, g1 gc, windows-amd64)
# No core dump will be written. Minidumps are not enabled by default on client versions of Windows
#

---------------  S U M M A R Y ------------

Command Line: -XX:TieredStopAtLevel=1 -Dspring.output.ansi.enabled=always -Dcom.sun.management.jmxremote -Dspring.jmx.enabled=true -Dspring.liveBeansView.mbeanDomain -Dspring.application.admin.enabled=true -Dmanagement.endpoints.jmx.exposure.include=* -javaagent:C:\Program Files\JetBrains\IntelliJ IDEA 2024.3.2.2\lib\idea_rt.jar=63371:C:\Program Files\JetBrains\IntelliJ IDEA 2024.3.2.2\bin -Dfile.encoding=UTF-8 -Dsun.stdout.encoding=UTF-8 -Dsun.stderr.encoding=UTF-8 com.project.paymentservice.PaymentserviceApplication

Host: Intel(R) Core(TM) i5-8265U CPU @ 1.60GHz, 8 cores, 7G,  Windows 11 , 64 bit Build 26100 (10.0.26100.7309)
Time: Mon Jan  5 04:38:59 2026 Maroc (heure d64 bit Build 26100 (10.0.26100.7309) elapsed time: 0.075955 seconds (0d 0h 0m 0s)

---------------  T H R E A D  ---------------

Current thread (0x0000021033420030):  JavaThread "Unknown thread" [_thread_in_vm, id=32616, stack(0x000000ff28800000,0x000000ff28900000) (1024K)]

Stack: [0x000000ff28800000,0x000000ff28900000]
Native frames: (J=compiled Java code, j=interpreted, Vv=VM code, C=native code)
V  [jvm.dll+0x6e08a9]  (no source info available)
V  [jvm.dll+0x87da63]  (no source info available)
V  [jvm.dll+0x87feee]  (no source info available)
V  [jvm.dll+0x8805c3]  (no source info available)
V  [jvm.dll+0x27aee6]  (no source info available)
V  [jvm.dll+0xb6a17]  (no source info available)
V  [jvm.dll+0x331585]  (no source info available)
V  [jvm.dll+0x329641]  (no source info available)
V  [jvm.dll+0x8442e5]  (no source info available)
V  [jvm.dll+0x3b9848]  (no source info available)
V  [jvm.dll+0x82d0dc]  (no source info available)
V  [jvm.dll+0x454d4e]  (no source info available)
V  [jvm.dll+0x456bd1]  (no source info available)
C  [jli.dll+0x52a3]  (no source info available)
C  [ucrtbase.dll+0x37b0]  (no source info available)
C  [KERNEL32.DLL+0x2e8d7]  (no source info available)
C  [ntdll.dll+0x8c53c]  (no source info available)

Lock stack of current Java thread (top to bottom):


---------------  P R O C E S S  ---------------

Threads class SMR info:
_java_thread_list=0x00007ffb99833618, length=0, elements={
}

Java Threads: ( => current thread )
Total: 0

Other Threads:
  0x00000210334769e0 WorkerThread "GC Thread#0"                     [id=18628, stack(0x000000ff28900000,0x000000ff28a00000) (1024K)]

[error occurred during error reporting (printing all threads), id 0xc0000005, EXCEPTION_ACCESS_VIOLATION (0xc0000005) at pc=0x00007ffb98f76830]
VM state: not at safepoint (not fully initialized)

VM Mutex/Monitor currently owned by a thread:  ([mutex/lock_event])
[0x00007ffb998b3a10] Heap_lock - owner thread: 0x0000021033420030

Heap address: 0x0000000081e00000, size: 2018 MB, Compressed Oops mode: 32-bit

CDS archive(s) mapped at: [0x0000000000000000-0x0000000000000000-0x0000000000000000), size 0, SharedBaseAddress: 0x0000000800000000, ArchiveRelocationMode: 1.
Narrow klass base: 0x0000000000000000, Narrow klass shift: 0, Narrow klass range: 0x0

GC Precious Log:
 CardTable entry size: 512
 Card Set container configuration: InlinePtr #cards 5 size 8 Array Of Cards #cards 10 size 36 Howl #buckets 4 coarsen threshold 1843 Howl Bitmap #cards 512 size 80 coarsen threshold 460 Card regions per heap region 1 cards per card region 2048

Heap:
 garbage-first heap   total reserved 2066432K, committed 0K, used 0K [0x0000000081e00000, 0x0000000100000000)
  region size 1024K, 0 young (0K), 0 survivors (0K)

[error occurred during error reporting (printing heap information), id 0xc0000005, EXCEPTION_ACCESS_VIOLATION (0xc0000005) at pc=0x00007ffb9937c3b9]
GC Heap History (0 events):
No events

Dll operation events (1 events):
Event: 0.065 Loaded shared library C:\Program Files\Java\jdk-23\bin\java.dll

Deoptimization events (0 events):
No events

Classes loaded (0 events):
No events

Classes unloaded (0 events):
No events

Classes redefined (0 events):
No events

Internal exceptions (0 events):
No events

VM Operations (0 events):
No events

Memory protections (0 events):
No events

Nmethod flushes (0 events):
No events

Events (0 events):
No events


Dynamic libraries:
0x00007ff6f4fb0000 - 0x00007ff6f4fc0000 	C:\Program Files\Java\jdk-23\bin\java.exe
0x00007ffbfdb60000 - 0x00007ffbfddc7000 	C:\WINDOWS\SYSTEM32\ntdll.dll
0x00007ffbfd2c0000 - 0x00007ffbfd389000 	C:\WINDOWS\System32\KERNEL32.DLL
0x00007ffbfb470000 - 0x00007ffbfb85f000 	C:\WINDOWS\System32\KERNELBASE.dll
0x00007ffbfacb0000 - 0x00007ffbfadfb000 	C:\WINDOWS\System32\ucrtbase.dll
0x00007ffbe7d40000 - 0x00007ffbe7d5b000 	C:\Program Files\Java\jdk-23\bin\VCRUNTIME140.dll
0x00007ffbe0c90000 - 0x00007ffbe0ca7000 	C:\Program Files\Java\jdk-23\bin\jli.dll
0x00007ffbfd060000 - 0x00007ffbfd225000 	C:\WINDOWS\System32\USER32.dll
0x00007ffbfaf70000 - 0x00007ffbfaf97000 	C:\WINDOWS\System32\win32u.dll
0x00007ffbfc5a0000 - 0x00007ffbfc5cb000 	C:\WINDOWS\System32\GDI32.dll
0x00007ffbfb050000 - 0x00007ffbfb17c000 	C:\WINDOWS\System32\gdi32full.dll
0x00007ffbe1fa0000 - 0x00007ffbe2233000 	C:\WINDOWS\WinSxS\amd64_microsoft.windows.common-controls_6595b64144ccf1df_6.0.26100.7309_none_3e05feeae336a044\COMCTL32.dll
0x00007ffbfaec0000 - 0x00007ffbfaf63000 	C:\WINDOWS\System32\msvcp_win.dll
0x00007ffbfb900000 - 0x00007ffbfb9a9000 	C:\WINDOWS\System32\msvcrt.dll
0x00007ffbfcde0000 - 0x00007ffbfce11000 	C:\WINDOWS\System32\IMM32.DLL
0x00007ffbf6710000 - 0x00007ffbf671c000 	C:\Program Files\Java\jdk-23\bin\vcruntime140_1.dll
0x00007ffbcbdf0000 - 0x00007ffbcbe7e000 	C:\Program Files\Java\jdk-23\bin\msvcp140.dll
0x00007ffb98c40000 - 0x00007ffb9998f000 	C:\Program Files\Java\jdk-23\bin\server\jvm.dll
0x00007ffbfb9b0000 - 0x00007ffbfba64000 	C:\WINDOWS\System32\ADVAPI32.dll
0x00007ffbfcd30000 - 0x00007ffbfcdd6000 	C:\WINDOWS\System32\sechost.dll
0x00007ffbfbac0000 - 0x00007ffbfbbd8000 	C:\WINDOWS\System32\RPCRT4.dll
0x00007ffbfc3b0000 - 0x00007ffbfc424000 	C:\WINDOWS\System32\WS2_32.dll
0x00007ffbf3030000 - 0x00007ffbf303b000 	C:\WINDOWS\SYSTEM32\VERSION.dll
0x00007ffbe1e00000 - 0x00007ffbe1e35000 	C:\WINDOWS\SYSTEM32\WINMM.dll
0x00007ffbfab30000 - 0x00007ffbfab8e000 	C:\WINDOWS\SYSTEM32\POWRPROF.dll
0x00007ffbfab10000 - 0x00007ffbfab24000 	C:\WINDOWS\SYSTEM32\UMPDC.dll
0x00007ffbf9a20000 - 0x00007ffbf9a3b000 	C:\WINDOWS\SYSTEM32\kernel.appcore.dll
0x00007ffbeee40000 - 0x00007ffbeee4a000 	C:\Program Files\Java\jdk-23\bin\jimage.dll
0x00007ffbf8330000 - 0x00007ffbf8572000 	C:\WINDOWS\SYSTEM32\DBGHELP.DLL
0x00007ffbfc730000 - 0x00007ffbfcab5000 	C:\WINDOWS\System32\combase.dll
0x00007ffbfc650000 - 0x00007ffbfc726000 	C:\WINDOWS\System32\OLEAUT32.dll
0x00007ffbd9160000 - 0x00007ffbd919c000 	C:\WINDOWS\SYSTEM32\dbgcore.DLL
0x00007ffbfafa0000 - 0x00007ffbfb045000 	C:\WINDOWS\System32\bcryptPrimitives.dll
0x00007ffbf6740000 - 0x00007ffbf674f000 	C:\Program Files\Java\jdk-23\bin\instrument.dll
0x00007ffbe08c0000 - 0x00007ffbe08de000 	C:\Program Files\Java\jdk-23\bin\java.dll
0x00007ffbfbbf0000 - 0x00007ffbfbd87000 	C:\WINDOWS\System32\ole32.dll
0x00007ffbfd3c0000 - 0x00007ffbfdb13000 	C:\WINDOWS\System32\SHELL32.dll
0x00007ffbfb300000 - 0x00007ffbfb46a000 	C:\WINDOWS\System32\wintypes.dll

dbghelp: loaded successfully - version: 4.0.5 - missing functions: none
symbol engine: initialized successfully - sym options: 0x614 - pdb path: .;C:\Program Files\Java\jdk-23\bin;C:\WINDOWS\SYSTEM32;C:\WINDOWS\WinSxS\amd64_microsoft.windows.common-controls_6595b64144ccf1df_6.0.26100.7309_none_3e05feeae336a044;C:\Program Files\Java\jdk-23\bin\server

VM Arguments:
jvm_args: -XX:TieredStopAtLevel=1 -Dspring.output.ansi.enabled=always -Dcom.sun.management.jmxremote -Dspring.jmx.enabled=true -Dspring.liveBeansView.mbeanDomain -Dspring.application.admin.enabled=true -Dmanagement.endpoints.jmx.exposure.include=* -javaagent:C:\Program Files\JetBrains\IntelliJ IDEA 2024.3.2.2\lib\idea_rt.jar=63371:C:\Program Files\JetBrains\IntelliJ IDEA 2024.3.2.2\bin -Dfile.encoding=UTF-8 -Dsun.stdout.encoding=UTF-8 -Dsun.stderr.encoding=UTF-8 
java_command: com.project.paymentservice.PaymentserviceApplication
java_class_path (initial): D:\ebanki\bankino\payment-service\target\classes;C:\Users\BEL\.m2\repository\org\springframework\boot\spring-boot-starter-actuator\4.0.1\spring-boot-starter-actuator-4.0.1.jar;C:\Users\BEL\.m2\repository\org\springframework\boot\spring-boot-starter\4.0.1\spring-boot-starter-4.0.1.jar;C:\Users\BEL\.m2\repository\org\springframework\boot\spring-boot-starter-logging\4.0.1\spring-boot-starter-logging-4.0.1.jar;C:\Users\BEL\.m2\repository\ch\qos\logback\logback-classic\1.5.22\logback-classic-1.5.22.jar;C:\Users\BEL\.m2\repository\ch\qos\logback\logback-core\1.5.22\logback-core-1.5.22.jar;C:\Users\BEL\.m2\repository\org\apache\logging\log4j\log4j-to-slf4j\2.25.3\log4j-to-slf4j-2.25.3.jar;C:\Users\BEL\.m2\repository\org\apache\logging\log4j\log4j-api\2.25.3\log4j-api-2.25.3.jar;C:\Users\BEL\.m2\repository\org\slf4j\jul-to-slf4j\2.0.17\jul-to-slf4j-2.0.17.jar;C:\Users\BEL\.m2\repository\jakarta\annotation\jakarta.annotation-api\3.0.0\jakarta.annotation-api-3.0.0.jar;C:\Users\BEL\.m2\repository\org\yaml\snakeyaml\2.5\snakeyaml-2.5.jar;C:\Users\BEL\.m2\repository\org\springframework\boot\spring-boot-starter-micrometer-metrics\4.0.1\spring-boot-starter-micrometer-metrics-4.0.1.jar;C:\Users\BEL\.m2\repository\org\springframework\boot\spring-boot-micrometer-metrics\4.0.1\spring-boot-micrometer-metrics-4.0.1.jar;C:\Users\BEL\.m2\repository\org\springframework\boot\spring-boot-micrometer-observation\4.0.1\spring-boot-micrometer-observation-4.0.1.jar;C:\Users\BEL\.m2\repository\org\springframework\boot\spring-boot-actuator-autoconfigure\4.0.1\spring-boot-actuator-autoconfigure-4.0.1.jar;C:\Users\BEL\.m2\repository\org\springframework\boot\spring-boot-actuator\4.0.1\spring-boot-actuator-4.0.1.jar;C:\Users\BEL\.m2\repository\org\springframework\boot\spring-boot-health\4.0.1\spring-boot-health-4.0.1.jar;C:\Users\BEL\.m2\repository\io\micrometer\micrometer-observation\1.16.1\micrometer-observation-1.16.1.jar;C:\Users\BEL\.m2\repository\org\jspecify\jspecify\1.0.0\jspecify-1.0.0.jar;C:\Users\BEL\.m2\repository\io\micrometer\micrometer-commons\1.16.1\micrometer-commons-1.16.1.jar;C:\Users\BEL\.m2\repository\io\micrometer\micrometer-jakarta9\1.16.1\micrometer-jakarta9-1.16.1.jar;C:\Users\BEL\.m2\repository\io\micrometer\micrometer-core\1.16.1\micrometer-core-1.16.1.jar;C:\Users\BEL\.m2\repository\org\hdrhistogram\HdrHistogram\2.2.2\HdrHistogram-2.2.2.jar;C:\Users\BEL\.m2\repository\org\latencyutils\LatencyUtils\2.0.3\LatencyUtils-2.0.3.jar;C:\Users\BEL\.m2\repository\org\springframework\boot\spring-boot-starter-graphql\4.0.1\spring-boot-starter-graphql-4.0.1.jar;C:\Users\BEL\.m2\repository\org\springframework\boot\spring-boot-starter-jackson\4.0.1\spring-boot-starter-jackson-4.0.1.jar;C:\Users\BEL\.m2\repository\org\springframework\boot\spring-boot-jackson\4.0.1\spring-boot-jackson-4.0.1.jar;C:\Users\BEL\.m2\repository\tools\jackson\core\jackson-databind\3.0.3\jackson-databind-3.0.3.jar;C:\Users\BEL\.m2\repository\tools\jackson\core\jackson-core\3.0.3\jackson-core-3.0.3.jar;C:\Users\BEL\.m2\repository\org\springframework\boot\spring-boot-graphql\4.0.1\spring-boot-graphql-4.0.1.jar;C:\Users\BEL\.m2\repository\org\springframework\graphql\spring-graphql\2.0.1\spring-graphql-2.0.1.jar;C:\Users\BEL\.m2\repository\com\graphql-java\graphql-java\25.0\graphql-java-25.0.jar;C:\Users\BEL\.m2\repository\com\graphql-java\java-dataloader\6.0.0\java-dataloader-6.0.0.jar;C:\Users\BEL\.m2\repository\org\reactivestreams\reactive-streams\1.0.4\reactive-streams-1.0.4.jar;C:\Users\BEL\.m2\repository\io\projectreactor\reactor-core\3.8.1\reactor-core-3.8.1.jar;C:\Users\BEL\.m2\repository\io\micrometer\context-propagation\1.2.0\context-propagation-1.2.0.jar;C:\Users\BEL\.m2\repository\org\mapstruct\mapstruct\1.6.3\mapstruct-1.6.3.jar;C:\Users\BEL\.m2\repository\org\springframework\boot\spring-boot-starter-webmvc\4.0.1\spring-boot-starter-webmvc-4.0.1.jar;C:\Users\BEL\.m2\repository\org\springframework\boot\spring-boot-starter-tomcat\4.0.1\spring-boot-starter-tomcat-4.0.1.jar;C:\Users\BEL\.m2\repository\org\springframework\boot\spring-boot-starter-tomcat-runtime\4.0.1\spring-boot-starter-tomcat-runtime-4.0.1.jar;C:\Users\BEL\.m2\repository\org\springframework\boot\spring-boot-web-server\4.0.1\spring-boot-web-server-4.0.1.jar;C:\Users\BEL\.m2\repository\org\apache\tomcat\embed\tomcat-embed-core\11.0.15\tomcat-embed-core-11.0.15.jar;C:\Users\BEL\.m2\repository\org\apache\tomcat\embed\tomcat-embed-el\11.0.15\tomcat-embed-el-11.0.15.jar;C:\Users\BEL\.m2\repository\org\apache\tomcat\embed\tomcat-embed-websocket\11.0.15\tomcat-embed-websocket-11.0.15.jar;C:\Users\BEL\.m2\repository\org\springframework\boot\spring-boot-tomcat\4.0.1\spring-boot-tomcat-4.0.1.jar;C:\Users\BEL\.m2\repository\org\springframework\boot\spring-boot-http-converter\4.0.1\spring-boot-http-converter-4.0.1.jar;C:\Users\BEL\.m2\repository\org\springframework\boot\spring-boot-webmvc\4.0.1\spring-boot-webmvc-4.0.1.jar;C:\Users\BEL\.m2\repository\org\springframework\boot\spring-boot-servlet\4.0.1\spring-boot-servlet-4.0.1.jar;C:\Users\BEL\.m2\repository\org\springframework\spring-webmvc\7.0.2\spring-webmvc-7.0.2.jar;C:\Users\BEL\.m2\repository\org\springframework\cloud\spring-cloud-starter-openfeign\5.0.0\spring-cloud-starter-openfeign-5.0.0.jar;C:\Users\BEL\.m2\repository\org\springframework\cloud\spring-cloud-starter\5.0.0\spring-cloud-starter-5.0.0.jar;C:\Users\BEL\.m2\repository\org\springframework\cloud\spring-cloud-context\5.0.0\spring-cloud-context-5.0.0.jar;C:\Users\BEL\.m2\repository\org\bouncycastle\bcprov-jdk18on\1.81\bcprov-jdk18on-1.81.jar;C:\Users\BEL\.m2\repository\org\springframework\cloud\spring-cloud-openfeign-core\5.0.0\spring-cloud-openfeign-core-5.0.0.jar;C:\Users\BEL\.m2\repository\io\github\openfeign\feign-form-spring\13.6\feign-form-spring-13.6.jar;C:\Users\BEL\.m2\repository\org\apache\commons\commons-text\1.13.0\commons-text-1.13.0.jar;C:\Users\BEL\.m2\repository\org\apache\commons\commons-lang3\3.19.0\commons-lang3-3.19.0.jar;C:\Users\BEL\.m2\repository\io\github\openfeign\feign-form\13.6\feign-form-13.6.jar;C:\Users\BEL\.m2\repository\commons-fileupload\commons-fileupload\1.5\commons-fileupload-1.5.jar;C:\Users\BEL\.m2\repository\org\springframework\spring-web\7.0.2\spring-web-7.0.2.jar;C:\Users\BEL\.m2\repository\org\springframework\spring-beans\7.0.2\spring-beans-7.0.2.jar;C:\Users\BEL\.m2\repository\org\springframework\cloud\spring-cloud-commons\5.0.0\spring-cloud-commons-5.0.0.jar;C:\Users\BEL\.m2\repository\org\springframework\security\spring-security-crypto\7.0.2\spring-security-crypto-7.0.2.jar;C:\Users\BEL\.m2\repository\io\github\openfeign\feign-core\13.6\feign-core-13.6.jar;C:\Users\BEL\.m2\repository\io\github\openfeign\feign-slf4j\13.6\feign-slf4j-13.6.jar;C:\Users\BEL\.m2\repository\org\slf4j\slf4j-api\2.0.17\slf4j-api-2.0.17.jar;C:\Users\BEL\.m2\repository\org\springframework\kafka\spring-kafka\4.0.1\spring-kafka-4.0.1.jar;C:\Users\BEL\.m2\repository\org\springframework\spring-context\7.0.2\spring-context-7.0.2.jar;C:\Users\BEL\.m2\repository\org\springframework\spring-expression\7.0.2\spring-expression-7.0.2.jar;C:\Users\BEL\.m2\repository\org\springframework\spring-messaging\7.0.2\spring-messaging-7.0.2.jar;C:\Users\BEL\.m2\repository\org\springframework\spring-tx\7.0.2\spring-tx-7.0.2.jar;C:\Users\BEL\.m2\repository\org\apache\kafka\kafka-clients\4.1.1\kafka-clients-4.1.1.jar;C:\Users\BEL\.m2\repository\com\github\luben\zstd-jni\1.5.6-10\zstd-jni-1.5.6-10.jar;C:\Users\BEL\.m2\repository\org\lz4\lz4-java\1.8.0\lz4-java-1.8.0.jar;C:\Users\BEL\.m2\repository\org\xerial\snappy\snappy-java\1.1.10.7\snappy-java-1.1.10.7.jar;C:\Users\BEL\.m2\repository\org\springframework\boot\spring-boot-devtools\4.0.1\spring-boot-devtools-4.0.1.jar;C:\Users\BEL\.m2\repository\org\springframework\boot\spring-boot\4.0.1\spring-boot-4.0.1.jar;C:\Users\BEL\.m2\repository\org\springframework\boot\spring-boot-autoconfigure\4.0.1\spring-boot-autoconfigure-4.0.1.jar;C:\Users\BEL\.m2\repository\com\fasterxml\jackson\core\jackson-databind\2.20.1\jackson-databind-2.20.1.jar;C:\Users\BEL\.m2\repository\com\fasterxml\jackson\core\jackson-annotations\2.20\jackson-annotations-2.20.jar;C:\Users\BEL\.m2\repository\com\fasterxml\jackson\core\jackson-core\2.20.1\jackson-core-2.20.1.jar;C:\Users\BEL\.m2\repository\org\projectlombok\lombok\1.18.34\lombok-1.18.34.jar;C:\Users\BEL\.m2\repository\net\minidev\json-smart\2.6.0\json-smart-2.6.0.jar;C:\Users\BEL\.m2\repository\net\minidev\accessors-smart\2.6.0\accessors-smart-2.6.0.jar;C:\Users\BEL\.m2\repository\org\ow2\asm\asm\9.7.1\asm-9.7.1.jar;C:\Users\BEL\.m2\repository\org\springframework\spring-core\7.0.2\spring-core-7.0.2.jar;C:\Users\BEL\.m2\repository\commons-logging\commons-logging\1.3.5\commons-logging-1.3.5.jar;C:\Users\BEL\.m2\repository\org\springframework\boot\spring-boot-starter-security\4.0.1\spring-boot-starter-security-4.0.1.jar;C:\Users\BEL\.m2\repository\org\springframework\boot\spring-boot-security\4.0.1\spring-boot-security-4.0.1.jar;C:\Users\BEL\.m2\repository\org\springframework\security\spring-security-config\7.0.2\spring-security-config-7.0.2.jar;C:\Users\BEL\.m2\repository\org\springframework\security\spring-security-web\7.0.2\spring-security-web-7.0.2.jar;C:\Users\BEL\.m2\repository\org\springframework\spring-aop\7.0.2\spring-aop-7.0.2.jar;C:\Users\BEL\.m2\repository\org\springframework\boot\spring-boot-starter-oauth2-resource-server\4.0.1\spring-boot-starter-oauth2-resource-server-4.0.1.jar;C:\Users\BEL\.m2\repository\org\springframework\boot\spring-boot-security-oauth2-resource-server\4.0.1\spring-boot-security-oauth2-resource-server-4.0.1.jar;C:\Users\BEL\.m2\repository\org\springframework\security\spring-security-oauth2-resource-server\7.0.2\spring-security-oauth2-resource-server-7.0.2.jar;C:\Users\BEL\.m2\repository\org\springframework\boot\spring-boot-starter-oauth2-client\4.0.1\spring-boot-starter-oauth2-client-4.0.1.jar;C:\Users\BEL\.m2\repository\org\springframework\boot\spring-boot-security-oauth2-client\4.0.1\spring-boot-security-oauth2-client-4.0.1.jar;C:\Users\BEL\.m2\repository\org\springframework\security\spring-security-oauth2-client\7.0.2\spring-security-oauth2-client-7.0.2.jar;C:\Users\BEL\.m2\repository\com\nimbusds\oauth2-oidc-sdk\11.26.1\oauth2-oidc-sdk-11.26.1.jar;C:\Users\BEL\.m2\repository\com\github\stephenc\jcip\jcip-annotations\1.0-1\jcip-annotations-1.0-1.jar;C:\Users\BEL\.m2\repository\com\nimbusds\content-type\2.3\content-type-2.3.jar;C:\Users\BEL\.m2\repository\com\nimbusds\lang-tag\1.7\lang-tag-1.7.jar;C:\Users\BEL\.m2\repository\org\springframework\security\spring-security-oauth2-jose\7.0.2\spring-security-oauth2-jose-7.0.2.jar;C:\Users\BEL\.m2\repository\org\springframework\security\spring-security-core\7.0.2\spring-security-core-7.0.2.jar;C:\Users\BEL\.m2\repository\org\springframework\security\spring-security-oauth2-core\7.0.2\spring-security-oauth2-core-7.0.2.jar;C:\Users\BEL\.m2\repository\com\nimbusds\nimbus-jose-jwt\10.4\nimbus-jose-jwt-10.4.jar
Launcher Type: SUN_STANDARD

[Global flags]
     intx CICompilerCount                          = 4                                         {product} {ergonomic}
     uint ConcGCThreads                            = 2                                         {product} {ergonomic}
     uint G1ConcRefinementThreads                  = 8                                         {product} {ergonomic}
   size_t G1HeapRegionSize                         = 1048576                                   {product} {ergonomic}
   size_t InitialHeapSize                          = 134217728                                 {product} {ergonomic}
     bool ManagementServer                         = true                                      {product} {command line}
   size_t MarkStackSize                            = 4194304                                   {product} {ergonomic}
   size_t MarkStackSizeMax                         = 536870912                                 {product} {ergonomic}
   size_t MaxHeapSize                              = 2116026368                                {product} {ergonomic}
   size_t MinHeapDeltaBytes                        = 1048576                                   {product} {ergonomic}
   size_t MinHeapSize                              = 8388608                                   {product} {ergonomic}
    uintx NonNMethodCodeHeapSize                   = 4096                                   {pd product} {ergonomic}
    uintx NonProfiledCodeHeapSize                  = 0                                      {pd product} {ergonomic}
     bool ProfileInterpreter                       = false                                  {pd product} {command line}
    uintx ProfiledCodeHeapSize                     = 0                                      {pd product} {ergonomic}
   size_t SoftMaxHeapSize                          = 2116026368                             {manageable} {ergonomic}
     intx TieredStopAtLevel                        = 1                                         {product} {command line}
     bool UseCompressedOops                        = true                           {product lp64_product} {ergonomic}
     bool UseG1GC                                  = true                                      {product} {ergonomic}
     bool UseLargePagesIndividualAllocation        = false                                  {pd product} {ergonomic}

Logging:
Log output configuration:
 #0: stdout all=warning uptime,level,tags foldmultilines=false
 #1: stderr all=off uptime,level,tags foldmultilines=false

Environment Variables:
PATH=C:\Program Files\Common Files\Oracle\Java\javapath;C:\WINDOWS\system32;C:\WINDOWS;C:\WINDOWS\System32\Wbem;C:\WINDOWS\System32\WindowsPowerShell\v1.0\;C:\WINDOWS\System32\OpenSSH\;C:\Program Files\Intel\WiFi\bin\;C:\Program Files\Common Files\Intel\WirelessCommon\;C:\MinGW\bin;C:\Program Files\MySQL\MySQL Server 8.0\bin;C:\Users\BEL\Downloads\python-3.12.1-amd64.exe;C:\Program Files\Git\cmd;C:\Program Files\nodejs\;C:\Program Files\nodejs;C:\Users\BEL\Downloads\apache-maven-3.9.9\bin;C:\Users\BEL\Downloads\opencv\build\x64\vc16\bin;C:\Program Files\Docker\Docker\resources\bin;C:\Git LFS;C:\Program Files\PostgreSQL\17\bin;C:\WINDOWS\system32;C:\WINDOWS;C:\WINDOWS\System32\Wbem;C:\WINDOWS\System32\WindowsPowerShell\v1.0\;C:\WINDOWS\System32\OpenSSH\;C:\Program Files\Terraform;C:\Program Files\Amazon\AWSCLIV2\;C:\Program Files\Git\usr\bin;C:\Users\BEL\Downloads\helm-v3.18.5-windows-amd64\windows-amd64;D:\FlutterDev\flutter\bin;C:\Users\BEL\AppData\Local\Programs\Python\Launcher\;C:\Users\BEL\AppData\Local\Programs\Python\Python312\Scripts\;C:\Users\BEL\AppData\Local\Programs\Python\Python312\;C:\Program Files\MySQL\MySQL Shell 8.0\bin\;C:\Users\BEL\AppData\Local\Microsoft\WindowsApps;C:\Users\BEL\Documents\cs50python\python-chess-ai-yt-master\python-chess-ai-yt-master\docs\php;C:\Users\BEL\AppData\Local\ComposerSetup\bin;C:\Users\BEL\AppData\Roaming\Composer\vendor\bin;C:\Users\BEL\AppData\Roaming\npm;C:\Program Files\JetBrains\IntelliJ IDEA Community Edition 2024.2.2\bin;;C:\Users\BEL\AppData\Local\Programs\Microsoft VS Code\bin;C:\Program Files\JetBrains\PyCharm 2025.1.3.1\bin;;C:\Users\BEL\AppData\Local\Programs\Python\Python312;C:\Users\BEL\AppData\Local\Programs\Python\Python314\Scripts;C:\Users\BEL\AppData\Local\Programs\Python\Python36-32;D:\flutter\src\flutter\bin;
USERNAME=BEL
OS=Windows_NT
PROCESSOR_IDENTIFIER=Intel64 Family 6 Model 142 Stepping 12, GenuineIntel
TMP=C:\Users\BEL\AppData\Local\Temp
TEMP=C:\Users\BEL\AppData\Local\Temp




Periodic native trim disabled

---------------  S Y S T E M  ---------------

OS:
 Windows 11 , 64 bit Build 26100 (10.0.26100.7309)
OS uptime: 14 days 17:07 hours
Hyper-V role detected

CPU: total 8 (initial active 8) (4 cores per cpu, 2 threads per core) family 6 model 142 stepping 12 microcode 0xec, cx8, cmov, fxsr, ht, mmx, 3dnowpref, sse, sse2, sse3, ssse3, sse4.1, sse4.2, popcnt, lzcnt, tsc, tscinvbit, avx, avx2, aes, erms, clmul, bmi1, bmi2, adx, fma, vzeroupper, clflush, clflushopt, hv, rdtscp, f16c
Processor Information for processor 0
  Max Mhz: 1800, Current Mhz: 1600, Mhz Limit: 1584
Processor Information for processor 1
  Max Mhz: 1800, Current Mhz: 1500, Mhz Limit: 1584
Processor Information for processor 2
  Max Mhz: 1800, Current Mhz: 1600, Mhz Limit: 1584
Processor Information for processor 3
  Max Mhz: 1800, Current Mhz: 1600, Mhz Limit: 1584
Processor Information for processor 4
  Max Mhz: 1800, Current Mhz: 1600, Mhz Limit: 1584
Processor Information for processor 5
  Max Mhz: 1800, Current Mhz: 1500, Mhz Limit: 1584
Processor Information for processor 6
  Max Mhz: 1800, Current Mhz: 1600, Mhz Limit: 1584
Processor Information for processor 7
  Max Mhz: 1800, Current Mhz: 1600, Mhz Limit: 1584

Memory: 4k page, system-wide physical 8070M (7M free)
TotalPageFile size 26961M (AvailPageFile size 5M)
current process WorkingSet (physical memory assigned to process): 13M, peak: 13M
current process commit charge ("private bytes"): 49M, peak: 50M

vm_info: Java HotSpot(TM) 64-Bit Server VM (23+37-2369) for windows-amd64 JRE (23+37-2369), built on 2024-08-20T16:01:23Z with MS VC++ 17.6 (VS2022)

END.
